<?xml version="1.0" encoding="UTF-8"?>
<!-- Generated by org.testng.reporters.JUnitXMLReporter -->
<testsuite ignored="4" hostname="DESKTOP-2HAP43N" failures="0" tests="3" name="Test" time="54.542" errors="0" timestamp="2025-08-14T17:14:50 IST">
  <testcase classname="PG10TestCases.TC_LoginPage" name="login" time="10.777"/>
  <testcase classname="PG10TestCases.TC_SearchTxhist" name="depositTransactions" time="38.702"/>
  <testcase classname="PG10TestCases.TC_Logout" name="logout" time="5.018"/>
  <testcase classname="PG10Base.PG10Base" name="@AfterSuite tearDownSuite" time="0.0">
    <ignored/>
  </testcase> <!-- @AfterSuite tearDownSuite -->
  <testcase classname="PG10Base.PG10Base" name="@BeforeSuite setUpSuite" time="0.0">
    <ignored/>
  </testcase> <!-- @BeforeSuite setUpSuite -->
  <testcase classname="PG10Base.PG10Base" name="@AfterSuite tearDownSuite" time="0.0">
    <ignored/>
  </testcase> <!-- @AfterSuite tearDownSuite -->
  <testcase classname="PG10Base.PG10Base" name="@BeforeSuite setUpSuite" time="0.0">
    <ignored/>
  </testcase> <!-- @BeforeSuite setUpSuite -->
</testsuite> <!-- Test -->
