<?xml version="1.0" encoding="UTF-8"?>
<!-- Generated by org.testng.reporters.JUnitXMLReporter -->
<testsuite ignored="4" hostname="DESKTOP-2HAP43N" failures="0" tests="3" name="Test" time="83.71" errors="0" timestamp="2025-08-26T18:36:36 IST">
  <testcase classname="PG10TestCases.TC_LoginPage" name="login" time="7.602"/>
  <testcase classname="PG10TestCases.TC_MasterMerchant" name="masterMerchantList" time="70.959"/>
  <testcase classname="PG10TestCases.TC_SearchTxhist" name="depositTransactions" time="21.547"/>
  <testcase classname="PG10TestCases.TC_Logout" name="logout" time="4.9"/>
  <testcase classname="PG10Base.PG10Base" name="@AfterSuite tearDownSuite" time="0.0">
    <ignored/>
  </testcase> <!-- @AfterSuite tearDownSuite -->
  <testcase classname="PG10Base.PG10Base" name="@BeforeSuite setUpSuite" time="0.0">
    <ignored/>
  </testcase> <!-- @BeforeSuite setUpSuite -->
  <testcase classname="PG10Base.PG10Base" name="@AfterSuite tearDownSuite" time="0.0">
    <ignored/>
  </testcase> <!-- @AfterSuite tearDownSuite -->
  <testcase classname="PG10Base.PG10Base" name="@BeforeSuite setUpSuite" time="0.0">
    <ignored/>
  </testcase> <!-- @BeforeSuite setUpSuite -->
</testsuite> <!-- Test -->
