<?xml version="1.0" encoding="UTF-8"?>
<testng-results ignored="0" total="3" passed="3" failed="0" skipped="0">
  <reporter-output>
  </reporter-output>
  <suite started-at="2025-09-09T22:37:12 IST" name="Suite" finished-at="2025-09-09T22:37:44 IST" duration-ms="32442">
    <groups>
    </groups>
    <test started-at="2025-09-09T22:37:12 IST" name="Test" finished-at="2025-09-09T22:37:44 IST" duration-ms="32442">
      <class name="PG10TestCases.TC_SettingsAssignProces">
        <test-method signature="SettingsAssignProces()[pri:2, instance:PG10TestCases.TC_SettingsAssignProces@67b9b51a]" started-at="2025-09-09T22:37:22 IST" name="SettingsAssignProces" finished-at="2025-09-09T22:37:39 IST" duration-ms="17047" status="PASS">
          <reporter-output>
          </reporter-output>
        </test-method> <!-- SettingsAssignProces -->
      </class> <!-- PG10TestCases.TC_SettingsAssignProces -->
      <class name="PG10TestCases.TC_Logout">
        <test-method signature="logout()[pri:13, instance:PG10TestCases.TC_Logout@1205bd62]" started-at="2025-09-09T22:37:39 IST" name="logout" finished-at="2025-09-09T22:37:44 IST" duration-ms="4872" status="PASS">
          <reporter-output>
          </reporter-output>
        </test-method> <!-- logout -->
      </class> <!-- PG10TestCases.TC_Logout -->
      <class name="PG10TestCases.TC_LoginPage">
        <test-method is-config="true" signature="setUpSuite()[pri:0, instance:PG10TestCases.TC_LoginPage@2a225dd7]" started-at="2025-09-09T22:37:09 IST" name="setUpSuite" finished-at="2025-09-09T22:37:12 IST" duration-ms="2752" status="PASS">
          <reporter-output>
          </reporter-output>
        </test-method> <!-- setUpSuite -->
        <test-method signature="login()[pri:1, instance:PG10TestCases.TC_LoginPage@2a225dd7]" started-at="2025-09-09T22:37:12 IST" name="login" finished-at="2025-09-09T22:37:22 IST" duration-ms="10451" status="PASS">
          <reporter-output>
          </reporter-output>
        </test-method> <!-- login -->
        <test-method is-config="true" signature="tearDownSuite()[pri:0, instance:PG10TestCases.TC_LoginPage@2a225dd7]" started-at="2025-09-09T22:37:46 IST" name="tearDownSuite" finished-at="2025-09-09T22:37:46 IST" duration-ms="515" status="PASS">
          <reporter-output>
          </reporter-output>
        </test-method> <!-- tearDownSuite -->
      </class> <!-- PG10TestCases.TC_LoginPage -->
    </test> <!-- Test -->
  </suite> <!-- Suite -->
</testng-results>
