<?xml version="1.0" encoding="UTF-8"?>
<!-- Generated by org.testng.reporters.JUnitReportReporter -->
<testsuite hostname="DESKTOP-2HAP43N" failures="0" tests="2" name="PG10TestCases.TC_FraudControl" time="82.036" errors="0" timestamp="2025-07-26T22:13:23 IST" skipped="0">
  <testcase classname="PG10TestCases.TC_FraudControl" name="testBlackListCustomer" time="54.219"/>
  <testcase classname="PG10TestCases.TC_FraudControl" name="testWhiteListCustomer" time="27.817"/>
</testsuite> <!-- PG10TestCases.TC_FraudControl -->
